<?xml version="1.0" encoding="UTF-8"?>
<!-- Generated by org.testng.reporters.JUnitReportReporter -->
<testsuite name="testcases.LoginTestCRM" tests="1" time="9.513" ignored="0" failures="0" timestamp="17 May 2019 11:07:50 GMT" skipped="0" hostname="OCAUTO403" errors="0">
  <testcase name="loginApp" time="9.513" classname="testcases.LoginTestCRM"/>
</testsuite> <!-- testcases.LoginTestCRM -->
